C51 COMPILER V9.60.0.0   LED                                                               10/31/2022 20:33:49 PAGE 1   


C51 COMPILER V9.60.0.0, COMPILATION OF MODULE LED
OBJECT MODULE PLACED IN .\Objects\led.obj
COMPILER INVOKED BY: C:\Keil_v5\C51\BIN\C51.EXE led.c OPTIMIZE(8,SPEED) BROWSE DEBUG OBJECTEXTEND PRINT(.\Listings\led.l
                    -st) TABS(2) OBJECT(.\Objects\led.obj)

line level    source

   1          #include <reg52.h>
   2          
   3          #define   ON        0x0FF
   4          #define   OFF       0x00
   5          #define   LED_PIN   P1
   6          
   7          void ms_delay(unsigned int time);
   8          
   9          // Main function
  10          void main(){
  11   1        while (1){
  12   2          LED_PIN = ON;
  13   2          ms_delay(1000);
  14   2          LED_PIN = OFF;
  15   2          ms_delay(1000);
  16   2        }
  17   1      }
  18          
  19          // Function to implement the sleep functionality
  20          void ms_delay(unsigned int time){
  21   1        unsigned int i, j;
  22   1        
  23   1        for (i = 0; i < time; i++){
  24   2          for (j = 0; j < 113; j++);
  25   2        }
  26   1      }


MODULE INFORMATION:   STATIC OVERLAYABLE
   CODE SIZE        =     54    ----
   CONSTANT SIZE    =   ----    ----
   XDATA SIZE       =   ----    ----
   PDATA SIZE       =   ----    ----
   DATA SIZE        =   ----    ----
   IDATA SIZE       =   ----    ----
   BIT SIZE         =   ----    ----
END OF MODULE INFORMATION.


C51 COMPILATION COMPLETE.  0 WARNING(S),  0 ERROR(S)
